./data/exact/analytic-fixg16.txt
Fix Γ, change J, sitenum = 16
lenth  of energy array= 106
lenth  of energy array= 1471
lenth  of energy array= 1486
lenth  of energy array= 1941
final length of energy arrag = 1941
200
final number of energy levels = 200
lenth  of energy array= 106
lenth  of energy array= 866
lenth  of energy array= 881
lenth  of energy array= 1336
final length of energy arrag = 1336
200
final number of energy levels = 200
lenth  of energy array= 106
lenth  of energy array= 854
lenth  of energy array= 869
lenth  of energy array= 1324
final length of energy arrag = 1324
200
final number of energy levels = 200
lenth  of energy array= 106
lenth  of energy array= 838
lenth  of energy array= 853
lenth  of energy array= 1308
final length of energy arrag = 1308
200
final number of energy levels = 200
lenth  of energy array= 106
lenth  of energy array= 804
lenth  of energy array= 819
lenth  of energy array= 1274
final length of energy arrag = 1274
200
final number of energy levels = 200
lenth  of energy array= 106
lenth  of energy array= 776
lenth  of energy array= 791
lenth  of energy array= 1246
lenth  of energy array= 1247
final length of energy arrag = 1247
200
final number of energy levels = 200
lenth  of energy array= 106
lenth  of energy array= 772
lenth  of energy array= 787
lenth  of energy array= 1242
lenth  of energy array= 1251
final length of energy arrag = 1251
200
final number of energy levels = 200
lenth  of energy array= 106
lenth  of energy array= 728
lenth  of energy array= 743
lenth  of energy array= 1198
lenth  of energy array= 1222
final length of energy arrag = 1222
200
final number of energy levels = 200
lenth  of energy array= 106
lenth  of energy array= 718
lenth  of energy array= 733
lenth  of energy array= 1184
lenth  of energy array= 1225
final length of energy arrag = 1225
200
final number of energy levels = 200
lenth  of energy array= 106
lenth  of energy array= 701
lenth  of energy array= 716
lenth  of energy array= 1157
lenth  of energy array= 1239
final length of energy arrag = 1239
200
final number of energy levels = 200
lenth  of energy array= 106
lenth  of energy array= 661
lenth  of energy array= 662
lenth  of energy array= 677
lenth  of energy array= 1112
lenth  of energy array= 1202
final length of energy arrag = 1202
200
final number of energy levels = 200
lenth  of energy array= 106
lenth  of energy array= 642
lenth  of energy array= 643
lenth  of energy array= 658
lenth  of energy array= 1081
lenth  of energy array= 1209
final length of energy arrag = 1209
200
final number of energy levels = 200
lenth  of energy array= 106
lenth  of energy array= 618
lenth  of energy array= 623
lenth  of energy array= 638
lenth  of energy array= 1035
lenth  of energy array= 1167
final length of energy arrag = 1167
200
final number of energy levels = 200
lenth  of energy array= 106
lenth  of energy array= 586
lenth  of energy array= 591
lenth  of energy array= 606
lenth  of energy array= 999
lenth  of energy array= 1141
final length of energy arrag = 1141
200
final number of energy levels = 200
lenth  of energy array= 106
lenth  of energy array= 552
lenth  of energy array= 561
lenth  of energy array= 576
lenth  of energy array= 955
lenth  of energy array= 1101
final length of energy arrag = 1101
200
final number of energy levels = 200
lenth  of energy array= 106
lenth  of energy array= 538
lenth  of energy array= 548
lenth  of energy array= 563
lenth  of energy array= 926
lenth  of energy array= 1080
final length of energy arrag = 1080
200
final number of energy levels = 200
lenth  of energy array= 106
lenth  of energy array= 503
lenth  of energy array= 517
lenth  of energy array= 532
lenth  of energy array= 881
lenth  of energy array= 1035
final length of energy arrag = 1035
200
final number of energy levels = 200
lenth  of energy array= 106
lenth  of energy array= 478
lenth  of energy array= 492
lenth  of energy array= 507
lenth  of energy array= 838
lenth  of energy array= 974
final length of energy arrag = 974
200
final number of energy levels = 200
lenth  of energy array= 106
lenth  of energy array= 449
lenth  of energy array= 463
lenth  of energy array= 478
lenth  of energy array= 793
lenth  of energy array= 929
final length of energy arrag = 929
200
final number of energy levels = 200
lenth  of energy array= 106
lenth  of energy array= 431
lenth  of energy array= 440
lenth  of energy array= 455
lenth  of energy array= 752
lenth  of energy array= 880
final length of energy arrag = 880
200
final number of energy levels = 200
lenth  of energy array= 106
lenth  of energy array= 387
lenth  of energy array= 392
lenth  of energy array= 407
lenth  of energy array= 682
lenth  of energy array= 794
final length of energy arrag = 794
200
final number of energy levels = 200
./data/exact/analytic-fixg100.txt
Fix Γ, change J, sitenum = 100
lenth  of energy array= 4852
lenth  of energy array= 3769228
lenth  of energy array= 3769327
lenth  of energy array= 3926176
final length of energy arrag = 3926176
200
final number of energy levels = 200
lenth  of energy array= 4852
lenth  of energy array= 1876086
lenth  of energy array= 1876185
lenth  of energy array= 2033034
final length of energy arrag = 2033034
200
final number of energy levels = 200
lenth  of energy array= 4852
lenth  of energy array= 1820304
lenth  of energy array= 1820403
lenth  of energy array= 1977252
final length of energy arrag = 1977252
200
final number of energy levels = 200
lenth  of energy array= 4852
lenth  of energy array= 1764773
lenth  of energy array= 1764872
lenth  of energy array= 1921721
final length of energy arrag = 1921721
200
final number of energy levels = 200
lenth  of energy array= 4852
lenth  of energy array= 1708962
lenth  of energy array= 1709061
lenth  of energy array= 1865910
final length of energy arrag = 1865910
200
final number of energy levels = 200
lenth  of energy array= 4852
lenth  of energy array= 1653633
lenth  of energy array= 1653732
lenth  of energy array= 1810581
lenth  of energy array= 1932254
final length of energy arrag = 1932254
200
final number of energy levels = 200
lenth  of energy array= 4852
lenth  of energy array= 1596954
lenth  of energy array= 1597053
lenth  of energy array= 1753902
lenth  of energy array= 2293591
final length of energy arrag = 2293591
200
final number of energy levels = 200
lenth  of energy array= 4852
lenth  of energy array= 1540945
lenth  of energy array= 1542822
lenth  of energy array= 1542921
lenth  of energy array= 1699322
lenth  of energy array= 2873308
final length of energy arrag = 2873308
200
final number of energy levels = 200
lenth  of energy array= 4852
lenth  of energy array= 1483563
lenth  of energy array= 1656724
lenth  of energy array= 1656823
lenth  of energy array= 1809734
lenth  of energy array= 3747901
final length of energy arrag = 3747901
200
final number of energy levels = 200
lenth  of energy array= 4852
lenth  of energy array= 1426772
lenth  of energy array= 2243171
lenth  of energy array= 2243270
lenth  of energy array= 2391463
lenth  of energy array= 5067444
lenth  of energy array= 5068573
final length of energy arrag = 5068573
200
final number of energy levels = 200
lenth  of energy array= 4852
lenth  of energy array= 1369090
lenth  of energy array= 3354653
lenth  of energy array= 3354752
lenth  of energy array= 3497747
lenth  of energy array= 6810848
lenth  of energy array= 6968185
final length of energy arrag = 6968185
200
final number of energy levels = 200
lenth  of energy array= 4852
lenth  of energy array= 1311286
lenth  of energy array= 4936075
lenth  of energy array= 4953001
lenth  of energy array= 4953100
lenth  of energy array= 5090695
lenth  of energy array= 8916919
lenth  of energy array= 9900644
final length of energy arrag = 9900644
200
final number of energy levels = 200
lenth  of energy array= 4852
lenth  of energy array= 1252167
lenth  of energy array= 6811105
lenth  of energy array= 7200453
lenth  of energy array= 7200552
lenth  of energy array= 7332741
lenth  of energy array= 11535432
lenth  of energy array= 14388856
lenth  of energy array= 14391016
final length of energy arrag = 14391016
200
final number of energy levels = 200
lenth  of energy array= 4852
lenth  of energy array= 1192832
lenth  of energy array= 8720695
lenth  of energy array= 10633216
lenth  of energy array= 10633926
lenth  of energy array= 10634025
lenth  of energy array= 10760688
lenth  of energy array= 15219100
lenth  of energy array= 21045216
lenth  of energy array= 21208395
final length of energy arrag = 21208395
200
final number of energy levels = 200
lenth  of energy array= 4852
lenth  of energy array= 1132821
lenth  of energy array= 10430289
lenth  of energy array= 15645310
lenth  of energy array= 15730430
lenth  of energy array= 15730529
lenth  of energy array= 15851658
lenth  of energy array= 20450271
lenth  of energy array= 30139345
lenth  of energy array= 31375390
lenth  of energy array= 31375918
final length of energy arrag = 31375918
200
final number of energy levels = 200
lenth  of energy array= 4852
lenth  of energy array= 1071105
lenth  of energy array= 11782483
lenth  of energy array= 22147585
lenth  of energy array= 22963275
lenth  of energy array= 22963799
lenth  of energy array= 22963898
lenth  of energy array= 23079521
lenth  of energy array= 27707173
lenth  of energy array= 41624833
lenth  of energy array= 45862488
lenth  of energy array= 45915976
final length of energy arrag = 45915976
200
final number of energy levels = 200
lenth  of energy array= 4852
lenth  of energy array= 1008754
lenth  of energy array= 12687258
lenth  of energy array= 29387956
lenth  of energy array= 32551972
lenth  of energy array= 32586340
lenth  of energy array= 32586439
lenth  of energy array= 32696532
lenth  of energy array= 37260045
lenth  of energy array= 55080560
lenth  of energy array= 64664615
lenth  of energy array= 65192678
lenth  of energy array= 65193137
final length of energy arrag = 65193137
200
final number of energy levels = 200
lenth  of energy array= 4852
lenth  of energy array= 944584
lenth  of energy array= 13074896
lenth  of energy array= 36043350
lenth  of energy array= 43583720
lenth  of energy array= 43877058
lenth  of energy array= 43877365
lenth  of energy array= 43877464
lenth  of energy array= 43981941
lenth  of energy array= 48391084
lenth  of energy array= 69151835
lenth  of energy array= 85648717
lenth  of energy array= 87698615
lenth  of energy array= 87716843
final length of energy arrag = 87716843
200
final number of energy levels = 200
lenth  of energy array= 4852
lenth  of energy array= 877803
lenth  of energy array= 12897276
lenth  of energy array= 40384903
lenth  of energy array= 53261859
lenth  of energy array= 54285325
lenth  of energy array= 54290309
lenth  of energy array= 54290408
lenth  of energy array= 54389307
lenth  of energy array= 58560081
lenth  of energy array= 80833011
lenth  of energy array= 103728794
lenth  of energy array= 108372856
lenth  of energy array= 108498034
lenth  of energy array= 108498068
final length of energy arrag = 108498068
200
final number of energy levels = 200
lenth  of energy array= 4852
lenth  of energy array= 808936
lenth  of energy array= 12143489
lenth  of energy array= 41063460
lenth  of energy array= 57647460
lenth  of energy array= 59495759
lenth  of energy array= 59517228
lenth  of energy array= 59517327
lenth  of energy array= 59610444
lenth  of energy array= 63455817
lenth  of energy array= 85361228
lenth  of energy array= 111656858
lenth  of energy array= 118662027
lenth  of energy array= 118959694
lenth  of energy array= 118960257
final length of energy arrag = 118960257
200
final number of energy levels = 200
lenth  of energy array= 4852
lenth  of energy array= 734230
lenth  of energy array= 10693884
lenth  of energy array= 36205809
lenth  of energy array= 51282493
lenth  of energy array= 53141441
lenth  of energy array= 53169690
lenth  of energy array= 53169789
lenth  of energy array= 53257012
lenth  of energy array= 56683341
lenth  of energy array= 76142844
lenth  of energy array= 100310348
lenth  of energy array= 107164798
lenth  of energy array= 107508211
lenth  of energy array= 107509217
final length of energy arrag = 107509217
200
final number of energy levels = 200

2020-06-24 Nexcite max = length
./data/exact/analytic-fixg16.txt
Fix Γ, change J, sitenum = 16
lenth  of energy array= 106
lenth  of energy array= 1471
lenth  of energy array= 1486
lenth  of energy array= 1941
final length of energy arrag = 1941
final number of energy levels = 200
lenth  of energy array= 106
lenth  of energy array= 866
lenth  of energy array= 881
lenth  of energy array= 1336
final length of energy arrag = 1336
final number of energy levels = 200
lenth  of energy array= 106
lenth  of energy array= 854
lenth  of energy array= 869
lenth  of energy array= 1324
final length of energy arrag = 1324
final number of energy levels = 200
lenth  of energy array= 106
lenth  of energy array= 838
lenth  of energy array= 853
lenth  of energy array= 1308
final length of energy arrag = 1308
final number of energy levels = 200
lenth  of energy array= 106
lenth  of energy array= 804
lenth  of energy array= 819
lenth  of energy array= 1274
final length of energy arrag = 1274
final number of energy levels = 200
lenth  of energy array= 106
lenth  of energy array= 776
lenth  of energy array= 791
lenth  of energy array= 1246
lenth  of energy array= 1247
final length of energy arrag = 1247
final number of energy levels = 200
lenth  of energy array= 106
lenth  of energy array= 772
lenth  of energy array= 787
lenth  of energy array= 1242
lenth  of energy array= 1251
final length of energy arrag = 1251
final number of energy levels = 200
lenth  of energy array= 106
lenth  of energy array= 728
lenth  of energy array= 743
lenth  of energy array= 1198
lenth  of energy array= 1222
final length of energy arrag = 1222
final number of energy levels = 200
lenth  of energy array= 106
lenth  of energy array= 718
lenth  of energy array= 733
lenth  of energy array= 1184
lenth  of energy array= 1225
final length of energy arrag = 1225
final number of energy levels = 200
lenth  of energy array= 106
lenth  of energy array= 701
lenth  of energy array= 716
lenth  of energy array= 1157
lenth  of energy array= 1239
final length of energy arrag = 1239
final number of energy levels = 200
lenth  of energy array= 106
lenth  of energy array= 661
lenth  of energy array= 662
lenth  of energy array= 677
lenth  of energy array= 1112
lenth  of energy array= 1202
final length of energy arrag = 1202
final number of energy levels = 200
lenth  of energy array= 106
lenth  of energy array= 642
lenth  of energy array= 643
lenth  of energy array= 658
lenth  of energy array= 1081
lenth  of energy array= 1209
final length of energy arrag = 1209
final number of energy levels = 200
lenth  of energy array= 106
lenth  of energy array= 618
lenth  of energy array= 623
lenth  of energy array= 638
lenth  of energy array= 1035
lenth  of energy array= 1167
final length of energy arrag = 1167
final number of energy levels = 200
lenth  of energy array= 106
lenth  of energy array= 586
lenth  of energy array= 591
lenth  of energy array= 606
lenth  of energy array= 999
lenth  of energy array= 1141
final length of energy arrag = 1141
final number of energy levels = 200
lenth  of energy array= 106
lenth  of energy array= 552
lenth  of energy array= 561
lenth  of energy array= 576
lenth  of energy array= 955
lenth  of energy array= 1101
final length of energy arrag = 1101
final number of energy levels = 200
lenth  of energy array= 106
lenth  of energy array= 538
lenth  of energy array= 548
lenth  of energy array= 563
lenth  of energy array= 926
lenth  of energy array= 1080
final length of energy arrag = 1080
final number of energy levels = 200
lenth  of energy array= 106
lenth  of energy array= 503
lenth  of energy array= 517
lenth  of energy array= 532
lenth  of energy array= 881
lenth  of energy array= 1035
final length of energy arrag = 1035
final number of energy levels = 200
lenth  of energy array= 106
lenth  of energy array= 478
lenth  of energy array= 492
lenth  of energy array= 507
lenth  of energy array= 838
lenth  of energy array= 974
final length of energy arrag = 974
final number of energy levels = 200
lenth  of energy array= 106
lenth  of energy array= 449
lenth  of energy array= 463
lenth  of energy array= 478
lenth  of energy array= 793
lenth  of energy array= 929
final length of energy arrag = 929
final number of energy levels = 200
lenth  of energy array= 106
lenth  of energy array= 431
lenth  of energy array= 440
lenth  of energy array= 455
lenth  of energy array= 752
lenth  of energy array= 880
final length of energy arrag = 880
final number of energy levels = 200
lenth  of energy array= 106
lenth  of energy array= 387
lenth  of energy array= 392
lenth  of energy array= 407
lenth  of energy array= 682
lenth  of energy array= 794
final length of energy arrag = 794
final number of energy levels = 200
./data/exact/analytic-fixg100.txt
Fix Γ, change J, sitenum = 100
lenth  of energy array= 4852
lenth  of energy array= 3769228
lenth  of energy array= 3769327
lenth  of energy array= 3926176
final length of energy arrag = 3926176
final number of energy levels = 200
lenth  of energy array= 4852
lenth  of energy array= 1876086
lenth  of energy array= 1876185
lenth  of energy array= 2033034
final length of energy arrag = 2033034
final number of energy levels = 200
lenth  of energy array= 4852
lenth  of energy array= 1820304
lenth  of energy array= 1820403
lenth  of energy array= 1977252
final length of energy arrag = 1977252
final number of energy levels = 200
lenth  of energy array= 4852
lenth  of energy array= 1764773
lenth  of energy array= 1764872
lenth  of energy array= 1921721
final length of energy arrag = 1921721
final number of energy levels = 200
lenth  of energy array= 4852
lenth  of energy array= 1708962
lenth  of energy array= 1709061
lenth  of energy array= 1865910
final length of energy arrag = 1865910
final number of energy levels = 200
lenth  of energy array= 4852
lenth  of energy array= 1653633
lenth  of energy array= 1653732
lenth  of energy array= 1810581
lenth  of energy array= 1932254
final length of energy arrag = 1932254
final number of energy levels = 200
lenth  of energy array= 4852
lenth  of energy array= 1596954
lenth  of energy array= 1597053
lenth  of energy array= 1753902
lenth  of energy array= 2293591
final length of energy arrag = 2293591
final number of energy levels = 200
lenth  of energy array= 4852
lenth  of energy array= 1540945
lenth  of energy array= 1542822
lenth  of energy array= 1542921
lenth  of energy array= 1699322
lenth  of energy array= 2873308
final length of energy arrag = 2873308
final number of energy levels = 200
lenth  of energy array= 4852
lenth  of energy array= 1483563
lenth  of energy array= 1656724
lenth  of energy array= 1656823
lenth  of energy array= 1809734
lenth  of energy array= 3747901
final length of energy arrag = 3747901
final number of energy levels = 200
lenth  of energy array= 4852
lenth  of energy array= 1426772
lenth  of energy array= 2243171
lenth  of energy array= 2243270
lenth  of energy array= 2391463
lenth  of energy array= 5067444
lenth  of energy array= 5068573
final length of energy arrag = 5068573
final number of energy levels = 200
lenth  of energy array= 4852
lenth  of energy array= 1369090
lenth  of energy array= 3354653
lenth  of energy array= 3354752
lenth  of energy array= 3497747
lenth  of energy array= 6810848
lenth  of energy array= 6968185
final length of energy arrag = 6968185
final number of energy levels = 200
lenth  of energy array= 4852
lenth  of energy array= 1311286
lenth  of energy array= 4936075
lenth  of energy array= 4953001
lenth  of energy array= 4953100
lenth  of energy array= 5090695
lenth  of energy array= 8916919
lenth  of energy array= 9900644
final length of energy arrag = 9900644
final number of energy levels = 200
lenth  of energy array= 4852
lenth  of energy array= 1252167
lenth  of energy array= 6811105
lenth  of energy array= 7200453
lenth  of energy array= 7200552
lenth  of energy array= 7332741
lenth  of energy array= 11535432
lenth  of energy array= 14388856
lenth  of energy array= 14391016
final length of energy arrag = 14391016
final number of energy levels = 200
lenth  of energy array= 4852
lenth  of energy array= 1192832
lenth  of energy array= 8720695
lenth  of energy array= 10633216
lenth  of energy array= 10633926
lenth  of energy array= 10634025
lenth  of energy array= 10760688
lenth  of energy array= 15219100
lenth  of energy array= 21045216
lenth  of energy array= 21208395
final length of energy arrag = 21208395
final number of energy levels = 200
lenth  of energy array= 4852
lenth  of energy array= 1132821
lenth  of energy array= 10430289
lenth  of energy array= 15645310
lenth  of energy array= 15730430
lenth  of energy array= 15730529
lenth  of energy array= 15851658
lenth  of energy array= 20450271
lenth  of energy array= 30139345
lenth  of energy array= 31375390
lenth  of energy array= 31375918
final length of energy arrag = 31375918
final number of energy levels = 200
lenth  of energy array= 4852
lenth  of energy array= 1071105
lenth  of energy array= 11782483
lenth  of energy array= 22147585
lenth  of energy array= 22963275
lenth  of energy array= 22963799
lenth  of energy array= 22963898
lenth  of energy array= 23079521
lenth  of energy array= 27707173
lenth  of energy array= 41624833
lenth  of energy array= 45862488
lenth  of energy array= 45915976
final length of energy arrag = 45915976
final number of energy levels = 200
lenth  of energy array= 4852
lenth  of energy array= 1008754
lenth  of energy array= 12687258
lenth  of energy array= 29387956
lenth  of energy array= 32551972
lenth  of energy array= 32586340
lenth  of energy array= 32586439
lenth  of energy array= 32696532
lenth  of energy array= 37260045
lenth  of energy array= 55080560
lenth  of energy array= 64664615
lenth  of energy array= 65192678
lenth  of energy array= 65193137
final length of energy arrag = 65193137
final number of energy levels = 200
lenth  of energy array= 4852
lenth  of energy array= 944584
lenth  of energy array= 13074896
lenth  of energy array= 36043350
lenth  of energy array= 43583720
lenth  of energy array= 43877058
lenth  of energy array= 43877365
lenth  of energy array= 43877464
lenth  of energy array= 43981941
lenth  of energy array= 48391084
lenth  of energy array= 69151835
lenth  of energy array= 85648717
lenth  of energy array= 87698615
lenth  of energy array= 87716843
final length of energy arrag = 87716843
final number of energy levels = 200
lenth  of energy array= 4852
lenth  of energy array= 877803
lenth  of energy array= 12897276
lenth  of energy array= 40384903
lenth  of energy array= 53261859
lenth  of energy array= 54285325
lenth  of energy array= 54290309
lenth  of energy array= 54290408
lenth  of energy array= 54389307
lenth  of energy array= 58560081
lenth  of energy array= 80833011
lenth  of energy array= 103728794
lenth  of energy array= 108372856
lenth  of energy array= 108498034
lenth  of energy array= 108498068
final length of energy arrag = 108498068
final number of energy levels = 200
lenth  of energy array= 4852
lenth  of energy array= 808936
lenth  of energy array= 12143489
lenth  of energy array= 41063460
lenth  of energy array= 57647460
lenth  of energy array= 59495759
lenth  of energy array= 59517228
lenth  of energy array= 59517327
lenth  of energy array= 59610444
lenth  of energy array= 63455817
lenth  of energy array= 85361228
lenth  of energy array= 111656858
lenth  of energy array= 118662027
lenth  of energy array= 118959694
lenth  of energy array= 118960257
final length of energy arrag = 118960257
final number of energy levels = 200
lenth  of energy array= 4852
lenth  of energy array= 734230
lenth  of energy array= 10693884
lenth  of energy array= 36205809
lenth  of energy array= 51282493
lenth  of energy array= 53141441
lenth  of energy array= 53169690
lenth  of energy array= 53169789
lenth  of energy array= 53257012
lenth  of energy array= 56683341
lenth  of energy array= 76142844
lenth  of energy array= 100310348
lenth  of energy array= 107164798
lenth  of energy array= 107508211
lenth  of energy array= 107509217
final length of energy arrag = 107509217
final number of energy levels = 200
