
  Activating environment at `~/julia-code/mycMPO/Project.toml`
Start!
2021-11-05: TFIsing-change-gamma.jl
χ = 16
finish Γ/J = 0.5
time=2d 5h 53min 14.540s
finish Γ/J = 1.0
time=1d 18h 42min 45.767s
finish Γ/J = 1.5
time=1d 19h 43min 11.204s
finish Γ/J = 2.0
time=1d 1h 25min 16.620s
beta in range (1.0 , 40.0)
Finish!
time=1d 20h 44min 31.636s




  Activating environment at `~/julia-code/mycMPO/Project.toml`
Start!
2021-11-10: TFIsing-change-gamma.jl
χ = 16
finish Γ/J = 0.5
total time=1d 8h 32min 16.670s
mean time=4.953s
finish Γ/J = 1.0
total time=1d 10h 34min 19.985s
mean time=2h 2min 32.583s
finish Γ/J = 1.5
total time=1d 23h 47min 34.195s
mean time=7.300s
finish Γ/J = 2.0
total time=11h 11min 17.596s
mean time=1.733s
beta in range (1.0 , 40.0)
Finish!
time=5h 5min 29.740s
